Started GET "//" for ::1 at 2019-04-04 19:57:48 -0400
Processing by Rails::WelcomeController#index as HTML
  Rendering /Users/Gertrude/.rvm/gems/ruby-2.6.2/gems/railties-5.2.3/lib/rails/templates/rails/welcome/index.html.erb
  Rendered /Users/Gertrude/.rvm/gems/ruby-2.6.2/gems/railties-5.2.3/lib/rails/templates/rails/welcome/index.html.erb (3.3ms)
Completed 200 OK in 11ms (Views: 9.3ms | ActiveRecord: 0.0ms)


Started GET "/" for ::1 at 2019-04-04 19:57:51 -0400
Processing by Rails::WelcomeController#index as HTML
  Rendering /Users/Gertrude/.rvm/gems/ruby-2.6.2/gems/railties-5.2.3/lib/rails/templates/rails/welcome/index.html.erb
  Rendered /Users/Gertrude/.rvm/gems/ruby-2.6.2/gems/railties-5.2.3/lib/rails/templates/rails/welcome/index.html.erb (3.0ms)
Completed 200 OK in 6ms (Views: 4.7ms | ActiveRecord: 0.0ms)


Started GET "/responses" for ::1 at 2019-04-04 19:58:02 -0400
Processing by ResponsesController#test as HTML
  Rendering responses/test.html.erb within layouts/application
  Rendered responses/test.html.erb within layouts/application (0.5ms)
Completed 200 OK in 1315ms (Views: 271.9ms | ActiveRecord: 0.0ms)


Started GET "/responses" for ::1 at 2019-04-04 20:00:17 -0400
Processing by ResponsesController#test as HTML
  Rendering responses/test.html.erb within layouts/application
  Rendered responses/test.html.erb within layouts/application (22.5ms)
Completed 500 Internal Server Error in 154ms (ActiveRecord: 0.0ms)


  
ActionView::Template::Error (undefined method `each' for nil:NilClass):
    1: <% @data.each do |data| %>
    2:   <p><%= data["name"] %></p>
    3: <% end %>
  
app/views/responses/test.html.erb:1:in `_app_views_responses_test_html_erb__3235952320741878751_70205518164940'
Started GET "/responses" for ::1 at 2019-04-04 20:00:34 -0400
Processing by ResponsesController#test as HTML
  Rendering responses/test.html.erb within layouts/application
  Rendered responses/test.html.erb within layouts/application (1.6ms)
Completed 500 Internal Server Error in 126ms (ActiveRecord: 0.0ms)


  
ActionView::Template::Error (undefined method `each' for nil:NilClass):
    1: <% @data.each do |data| %>
    2:   <p><%= data %></p>
    3: <% end %>
  
app/views/responses/test.html.erb:1:in `_app_views_responses_test_html_erb__3235952320741878751_70205467833640'
Started GET "/" for ::1 at 2019-04-04 20:00:57 -0400
Processing by Rails::WelcomeController#index as HTML
  Rendering /Users/Gertrude/.rvm/gems/ruby-2.6.2/gems/railties-5.2.3/lib/rails/templates/rails/welcome/index.html.erb
  Rendered /Users/Gertrude/.rvm/gems/ruby-2.6.2/gems/railties-5.2.3/lib/rails/templates/rails/welcome/index.html.erb (1.9ms)
Completed 200 OK in 4ms (Views: 3.6ms | ActiveRecord: 0.0ms)


Started GET "/" for ::1 at 2019-04-04 20:01:03 -0400
Processing by Rails::WelcomeController#index as HTML
  Rendering /Users/Gertrude/.rvm/gems/ruby-2.6.2/gems/railties-5.2.3/lib/rails/templates/rails/welcome/index.html.erb
  Rendered /Users/Gertrude/.rvm/gems/ruby-2.6.2/gems/railties-5.2.3/lib/rails/templates/rails/welcome/index.html.erb (2.5ms)
Completed 200 OK in 5ms (Views: 4.1ms | ActiveRecord: 0.0ms)


Started GET "/responses" for ::1 at 2019-04-04 20:01:25 -0400
Processing by ResponsesController#test as HTML
  Rendering responses/test.html.erb within layouts/application
  Rendered responses/test.html.erb within layouts/application (0.3ms)
Completed 200 OK in 139ms (Views: 10.7ms | ActiveRecord: 0.0ms)


Started GET "/responses" for ::1 at 2019-04-04 20:01:55 -0400
Processing by ResponsesController#test as HTML
  Rendering responses/test.html.erb within layouts/application
  Rendered responses/test.html.erb within layouts/application (1.7ms)
Completed 500 Internal Server Error in 109ms (ActiveRecord: 0.0ms)


  
ActionView::Template::Error (undefined method `each' for nil:NilClass):
    1: <% @data.each do |data| %>
    2:   <p><%= data %></p>
    3: <% end %>
  
app/views/responses/test.html.erb:1:in `_app_views_responses_test_html_erb__3235952320741878751_70205475412800'
Started GET "/responses" for ::1 at 2019-04-04 20:02:14 -0400
Processing by ResponsesController#test as HTML
  Rendering responses/test.html.erb within layouts/application
  Rendered responses/test.html.erb within layouts/application (0.4ms)
Completed 500 Internal Server Error in 106ms (ActiveRecord: 0.0ms)


  
SyntaxError (/Users/Gertrude/wdi/homework/Httparty-lesson/Dad_Jokes_App/app/views/responses/test.html.erb:5: syntax error, unexpected ensure, expecting end-of-input
          ensure
          ^~~~~~):
  
app/views/responses/test.html.erb:5: syntax error, unexpected ensure, expecting end-of-input
Started GET "/responses" for ::1 at 2019-04-04 20:02:28 -0400
Processing by ResponsesController#test as HTML
  Rendering responses/test.html.erb within layouts/application
  Rendered responses/test.html.erb within layouts/application (178.3ms)
Completed 500 Internal Server Error in 291ms (ActiveRecord: 0.0ms)


  
ActionView::Template::Error (undefined local variable or method `data' for #<#<Class:0x00007fb3fdf16040>:0x00007fb3f8e4a328>
Did you mean?  @data):
    1: 
    2:   <p><%= data %></p>
  
app/views/responses/test.html.erb:2:in `_app_views_responses_test_html_erb__3235952320741878751_70205475804600'
Started GET "/responses" for ::1 at 2019-04-04 20:03:24 -0400
Processing by ResponsesController#test as HTML
  Rendering responses/test.html.erb within layouts/application
  Rendered responses/test.html.erb within layouts/application (0.3ms)
Completed 200 OK in 151ms (Views: 48.7ms | ActiveRecord: 0.0ms)


Started GET "/responses" for ::1 at 2019-04-04 20:03:50 -0400
Processing by ResponsesController#test as HTML
  Rendering responses/test.html.erb within layouts/application
  Rendered responses/test.html.erb within layouts/application (0.5ms)
Completed 200 OK in 105ms (Views: 10.6ms | ActiveRecord: 0.0ms)


Started GET "/responses" for ::1 at 2019-04-04 20:21:14 -0400
Processing by ResponsesController#test as HTML
  Rendering responses/test.html.erb within layouts/application
  Rendered responses/test.html.erb within layouts/application (0.4ms)
Completed 200 OK in 151ms (Views: 21.1ms | ActiveRecord: 0.0ms)


Started GET "/random" for ::1 at 2019-04-04 20:21:22 -0400
Processing by ResponsesController#random as HTML
  Rendering responses/random.html.erb within layouts/application
  Rendered responses/random.html.erb within layouts/application (2.1ms)
Completed 500 Internal Server Error in 119ms (ActiveRecord: 0.0ms)


  
ActionView::Template::Error (undefined method `each' for nil:NilClass):
    1: <% @data.each do |data| %>
    2:   <p><%= data["name"] %></p>
    3: <% end %>
  
app/views/responses/random.html.erb:1:in `_app_views_responses_random_html_erb__429627684032606033_70205524776340'
Started GET "/random" for ::1 at 2019-04-04 20:21:41 -0400
Processing by ResponsesController#random as HTML
  Rendering responses/random.html.erb within layouts/application
  Rendered responses/random.html.erb within layouts/application (1.8ms)
Completed 500 Internal Server Error in 110ms (ActiveRecord: 0.0ms)


  
ActionView::Template::Error (undefined method `each' for nil:NilClass):
    1: <% @data.each do |data| %>
    2:   <p><%= data %></p>
    3: <% end %>
  
app/views/responses/random.html.erb:1:in `_app_views_responses_random_html_erb__429627684032606033_70205516770300'
Started GET "/random" for ::1 at 2019-04-04 20:22:09 -0400
Processing by ResponsesController#random as HTML
  Rendering responses/random.html.erb within layouts/application
  Rendered responses/random.html.erb within layouts/application (1.8ms)
Completed 500 Internal Server Error in 116ms (ActiveRecord: 0.0ms)


  
ActionView::Template::Error (undefined method `each' for nil:NilClass):
    1: <% @data.each do |data| %>
    2:   <p><%= data %></p>
    3: <% end %>
  
app/views/responses/random.html.erb:1:in `_app_views_responses_random_html_erb__429627684032606033_70205518524600'
Started GET "/random" for ::1 at 2019-04-04 20:22:23 -0400
Processing by ResponsesController#random as HTML
  Rendering responses/random.html.erb within layouts/application
  Rendered responses/random.html.erb within layouts/application (0.3ms)
Completed 200 OK in 122ms (Views: 11.4ms | ActiveRecord: 0.0ms)


Started GET "/random" for ::1 at 2019-04-04 20:24:13 -0400
Processing by ResponsesController#random as HTML
  Rendering responses/random.html.erb within layouts/application
  Rendered responses/random.html.erb within layouts/application (1.0ms)
Completed 200 OK in 128ms (Views: 20.9ms | ActiveRecord: 0.0ms)


Started GET "/random" for ::1 at 2019-04-04 20:24:36 -0400
Processing by ResponsesController#random as HTML
  Rendering responses/random.html.erb within layouts/application
  Rendered responses/random.html.erb within layouts/application (0.8ms)
Completed 500 Internal Server Error in 107ms (ActiveRecord: 0.0ms)


  
ActionView::Template::Error (no implicit conversion of String into Integer):
    1: <% @data.each do |data| %>
    2:   <p><%= data['joke']%></p>
    3: <% end %>
  
app/views/responses/random.html.erb:2:in `[]'
app/views/responses/random.html.erb:2:in `block in _app_views_responses_random_html_erb__429627684032606033_70205493532620'
app/views/responses/random.html.erb:1:in `_app_views_responses_random_html_erb__429627684032606033_70205493532620'
Started GET "/random" for ::1 at 2019-04-04 20:25:02 -0400
Processing by ResponsesController#random as HTML
  Rendering responses/random.html.erb within layouts/application
  Rendered responses/random.html.erb within layouts/application (1.1ms)
Completed 500 Internal Server Error in 133ms (ActiveRecord: 0.0ms)


  
ActionView::Template::Error (no implicit conversion of String into Integer):
    1: <% @data.each do |data| %>
    2:   <p><%= data["joke"]%></p>
    3: <% end %>
  
app/views/responses/random.html.erb:2:in `[]'
app/views/responses/random.html.erb:2:in `block in _app_views_responses_random_html_erb__429627684032606033_70205531600220'
app/views/responses/random.html.erb:1:in `_app_views_responses_random_html_erb__429627684032606033_70205531600220'
Started GET "/random" for ::1 at 2019-04-04 20:25:19 -0400
Processing by ResponsesController#random as HTML
  Rendering responses/random.html.erb within layouts/application
  Rendered responses/random.html.erb within layouts/application (160.6ms)
Completed 500 Internal Server Error in 296ms (ActiveRecord: 0.0ms)


  
ActionView::Template::Error (undefined local variable or method `data' for #<#<Class:0x00007fb3fb00f4b8>:0x00007fb3f8d2b438>
Did you mean?  @data):
    1: 
    2:   <p><%= data["joke"]%></p>
  
app/views/responses/random.html.erb:2:in `_app_views_responses_random_html_erb__429627684032606033_70205475216960'
Started GET "/random" for ::1 at 2019-04-04 20:25:54 -0400
Processing by ResponsesController#random as HTML
  Rendering responses/random.html.erb within layouts/application
  Rendered responses/random.html.erb within layouts/application (0.9ms)
Completed 200 OK in 131ms (Views: 21.4ms | ActiveRecord: 0.0ms)


Started GET "/random" for ::1 at 2019-04-04 20:26:18 -0400
Processing by ResponsesController#random as HTML
  Rendering responses/random.html.erb within layouts/application
  Rendered responses/random.html.erb within layouts/application (0.5ms)
Completed 200 OK in 137ms (Views: 19.8ms | ActiveRecord: 0.0ms)


Started GET "/random" for ::1 at 2019-04-04 20:27:23 -0400
Processing by ResponsesController#random as HTML
  Rendering responses/random.html.erb within layouts/application
  Rendered responses/random.html.erb within layouts/application (2.5ms)
Completed 500 Internal Server Error in 113ms (ActiveRecord: 0.0ms)


  
ActionView::Template::Error (undefined method `each' for #<String:0x00007fb3fe9c8588>):
    1: <% @data.each do |data| %>
    2:   <p><%= data %></p>
    3: <% end %>
  
app/views/responses/random.html.erb:1:in `_app_views_responses_random_html_erb__429627684032606033_70205523811340'
Started GET "/random" for ::1 at 2019-04-04 20:27:53 -0400
Processing by ResponsesController#random as HTML
  Rendering responses/random.html.erb within layouts/application
  Rendered responses/random.html.erb within layouts/application (0.4ms)
Completed 500 Internal Server Error in 136ms (ActiveRecord: 0.0ms)


  
SyntaxError (/Users/Gertrude/wdi/homework/Httparty-lesson/Dad_Jokes_App/app/views/responses/random.html.erb:5: syntax error, unexpected ensure, expecting end-of-input
          ensure
          ^~~~~~):
  
app/views/responses/random.html.erb:5: syntax error, unexpected ensure, expecting end-of-input
Started GET "/random" for ::1 at 2019-04-04 20:28:02 -0400
Processing by ResponsesController#random as HTML
  Rendering responses/random.html.erb within layouts/application
  Rendered responses/random.html.erb within layouts/application (160.0ms)
Completed 500 Internal Server Error in 265ms (ActiveRecord: 0.0ms)


  
ActionView::Template::Error (undefined local variable or method `data' for #<#<Class:0x00007fb3fe9d92c0>:0x00007fb3f8cd5178>
Did you mean?  @data):
    1: 
    2:   <p><%= data %></p>
  
app/views/responses/random.html.erb:2:in `_app_views_responses_random_html_erb__429627684032606033_70205475040620'
Started GET "/random" for ::1 at 2019-04-04 20:28:14 -0400
Processing by ResponsesController#random as HTML
  Rendering responses/random.html.erb within layouts/application
  Rendered responses/random.html.erb within layouts/application (0.3ms)
Completed 200 OK in 124ms (Views: 10.8ms | ActiveRecord: 0.0ms)


Started GET "/responses" for ::1 at 2019-04-04 20:28:27 -0400
Processing by ResponsesController#test as HTML
  Rendering responses/test.html.erb within layouts/application
  Rendered responses/test.html.erb within layouts/application (0.7ms)
Completed 200 OK in 121ms (Views: 27.7ms | ActiveRecord: 0.0ms)


Started GET "/responses" for ::1 at 2019-04-04 20:33:20 -0400
Processing by ResponsesController#test as HTML
  Rendering responses/test.html.erb within layouts/application
  Rendered responses/test.html.erb within layouts/application (1.5ms)
Completed 500 Internal Server Error in 140ms (ActiveRecord: 0.0ms)


  
ActionView::Template::Error (no implicit conversion of String into Integer):
    1: <% @data.each do |data| %>
    2:   <p><%= data["joke"]%></p>
    3: <% end %>
  
app/views/responses/test.html.erb:2:in `[]'
app/views/responses/test.html.erb:2:in `block in _app_views_responses_test_html_erb__3235952320741878751_70205523630480'
app/views/responses/test.html.erb:1:in `_app_views_responses_test_html_erb__3235952320741878751_70205523630480'
Started GET "/responses" for ::1 at 2019-04-04 20:33:41 -0400
Processing by ResponsesController#test as HTML
  Rendering responses/test.html.erb within layouts/application
  Rendered responses/test.html.erb within layouts/application (0.4ms)
Completed 200 OK in 134ms (Views: 22.8ms | ActiveRecord: 0.0ms)


Started GET "/responses" for ::1 at 2019-04-04 20:45:31 -0400
Processing by ResponsesController#test as HTML
  Rendering responses/test.html.erb within layouts/application
  Rendered responses/test.html.erb within layouts/application (0.5ms)
Completed 200 OK in 189ms (Views: 25.2ms | ActiveRecord: 0.0ms)


Started GET "/responses" for ::1 at 2019-04-04 20:46:24 -0400
Processing by ResponsesController#test as HTML
  Rendering responses/test.html.erb within layouts/application
  Rendered responses/test.html.erb within layouts/application (0.5ms)
Completed 200 OK in 120ms (Views: 19.2ms | ActiveRecord: 0.0ms)


Started GET "/responses" for ::1 at 2019-04-04 20:46:50 -0400
Processing by ResponsesController#test as HTML
  Rendering responses/test.html.erb within layouts/application
  Rendered responses/test.html.erb within layouts/application (0.4ms)
Completed 200 OK in 106ms (Views: 13.2ms | ActiveRecord: 0.0ms)


